<?xml version="1.0" encoding="UTF-8"?>
<coverage generated="1645976782403" clover="3.2.0">
  <project timestamp="1645976782403" name="All files">
    <metrics statements="8" coveredstatements="7" conditionals="0" coveredconditionals="0" methods="5" coveredmethods="4" elements="13" coveredelements="11" complexity="0" loc="8" ncloc="8" packages="1" files="1" classes="1"/>
    <file name="fetch-data.js" path="/Users/GoldenEagle/Desktop/Divers/Dossier-cours-IT/Cours-JavaScript/Cours-JavaScript-Jest-software-testing/Exercise-JavaScript-testing/src/fetch-data.js">
      <metrics statements="8" coveredstatements="7" conditionals="0" coveredconditionals="0" methods="5" coveredmethods="4"/>
      <line num="1" count="1" type="stmt"/>
      <line num="2" count="1" type="stmt"/>
      <line num="3" count="1" type="stmt"/>
      <line num="4" count="1" type="stmt"/>
      <line num="5" count="1" type="stmt"/>
      <line num="7" count="1" type="stmt"/>
      <line num="8" count="0" type="stmt"/>
      <line num="12" count="1" type="stmt"/>
    </file>
  </project>
</coverage>
