{"/Users/GoldenEagle/Desktop/Divers/Dossier-cours-IT/Cours-JavaScript/Cours-JavaScript-Jest-software-testing/Exercise-JavaScript-testing/src/fetch-data.js": {"path":"/Users/GoldenEagle/Desktop/Divers/Dossier-cours-IT/Cours-JavaScript/Cours-JavaScript-Jest-software-testing/Exercise-JavaScript-testing/src/fetch-data.js","statementMap":{"0":{"start":{"line":1,"column":18},"end":{"line":13,"column":1}},"1":{"start":{"line":2,"column":20},"end":{"line":11,"column":6}},"2":{"start":{"line":3,"column":8},"end":{"line":10,"column":10}},"3":{"start":{"line":4,"column":12},"end":{"line":6,"column":19}},"4":{"start":{"line":5,"column":16},"end":{"line":5,"column":52}},"5":{"start":{"line":7,"column":12},"end":{"line":9,"column":19}},"6":{"start":{"line":8,"column":16},"end":{"line":8,"column":36}},"7":{"start":{"line":12,"column":4},"end":{"line":12,"column":19}}},"fnMap":{"0":{"name":"(anonymous_0)","decl":{"start":{"line":1,"column":18},"end":{"line":1,"column":19}},"loc":{"start":{"line":1,"column":24},"end":{"line":13,"column":1}},"line":1},"1":{"name":"(anonymous_1)","decl":{"start":{"line":2,"column":32},"end":{"line":2,"column":33}},"loc":{"start":{"line":2,"column":53},"end":{"line":11,"column":5}},"line":2},"2":{"name":"(anonymous_2)","decl":{"start":{"line":3,"column":38},"end":{"line":3,"column":39}},"loc":{"start":{"line":3,"column":44},"end":{"line":10,"column":9}},"line":3},"3":{"name":"(anonymous_3)","decl":{"start":{"line":4,"column":23},"end":{"line":4,"column":24}},"loc":{"start":{"line":4,"column":29},"end":{"line":6,"column":13}},"line":4},"4":{"name":"(anonymous_4)","decl":{"start":{"line":7,"column":23},"end":{"line":7,"column":24}},"loc":{"start":{"line":7,"column":29},"end":{"line":9,"column":13}},"line":7}},"branchMap":{},"s":{"0":1,"1":1,"2":1,"3":1,"4":1,"5":1,"6":0,"7":1},"f":{"0":1,"1":1,"2":1,"3":1,"4":0},"b":{},"_coverageSchema":"1a1c01bbd47fc00a2c39e90264f33305004495a9","hash":"f41942269bef055b8d0e790ad5a9de01695b5a03"}
}
