{"/Users/GoldenEagle/Desktop/Divers/Dossier-cours-IT/Cours-JavaScript/Cours-JavaScript-Jest-software-testing/Exercise-JavaScript-testing/src/filter-person.js": {"path":"/Users/GoldenEagle/Desktop/Divers/Dossier-cours-IT/Cours-JavaScript/Cours-JavaScript-Jest-software-testing/Exercise-JavaScript-testing/src/filter-person.js","statementMap":{"0":{"start":{"line":1,"column":23},"end":{"line":3,"column":1}},"1":{"start":{"line":2,"column":4},"end":{"line":2,"column":44}},"2":{"start":{"line":2,"column":23},"end":{"line":2,"column":42}}},"fnMap":{"0":{"name":"(anonymous_0)","decl":{"start":{"line":1,"column":23},"end":{"line":1,"column":24}},"loc":{"start":{"line":1,"column":43},"end":{"line":3,"column":1}},"line":1},"1":{"name":"(anonymous_1)","decl":{"start":{"line":2,"column":18},"end":{"line":2,"column":19}},"loc":{"start":{"line":2,"column":23},"end":{"line":2,"column":42}},"line":2}},"branchMap":{},"s":{"0":1,"1":2,"2":10},"f":{"0":2,"1":10},"b":{},"_coverageSchema":"1a1c01bbd47fc00a2c39e90264f33305004495a9","hash":"764b0f4bd1547d6efb4161b4bca2a875474e9562"}
,"/Users/GoldenEagle/Desktop/Divers/Dossier-cours-IT/Cours-JavaScript/Cours-JavaScript-Jest-software-testing/Exercise-JavaScript-testing/src/number-of-occurences.js": {"path":"/Users/GoldenEagle/Desktop/Divers/Dossier-cours-IT/Cours-JavaScript/Cours-JavaScript-Jest-software-testing/Exercise-JavaScript-testing/src/number-of-occurences.js","statementMap":{"0":{"start":{"line":2,"column":28},"end":{"line":11,"column":1}},"1":{"start":{"line":3,"column":4},"end":{"line":5,"column":5}},"2":{"start":{"line":4,"column":8},"end":{"line":4,"column":47}},"3":{"start":{"line":6,"column":16},"end":{"line":6,"column":17}},"4":{"start":{"line":7,"column":4},"end":{"line":9,"column":5}},"5":{"start":{"line":8,"column":8},"end":{"line":8,"column":31}},"6":{"start":{"line":8,"column":23},"end":{"line":8,"column":31}},"7":{"start":{"line":10,"column":4},"end":{"line":10,"column":17}}},"fnMap":{"0":{"name":"(anonymous_0)","decl":{"start":{"line":2,"column":28},"end":{"line":2,"column":29}},"loc":{"start":{"line":2,"column":40},"end":{"line":11,"column":1}},"line":2}},"branchMap":{"0":{"loc":{"start":{"line":3,"column":4},"end":{"line":5,"column":5}},"type":"if","locations":[{"start":{"line":3,"column":4},"end":{"line":5,"column":5}},{"start":{},"end":{}}],"line":3},"1":{"loc":{"start":{"line":8,"column":8},"end":{"line":8,"column":31}},"type":"if","locations":[{"start":{"line":8,"column":8},"end":{"line":8,"column":31}},{"start":{},"end":{}}],"line":8}},"s":{"0":1,"1":4,"2":1,"3":3,"4":3,"5":16,"6":3,"7":3},"f":{"0":4},"b":{"0":[1,3],"1":[3,13]},"_coverageSchema":"1a1c01bbd47fc00a2c39e90264f33305004495a9","hash":"99e21114ccc7bb39d93b00d09443e3be910ffa03"}
}
